0 info it worked if it ends with ok
1 verbose cli [ '/usr/bin/node',
1 verbose cli   '/usr/bin/npm',
1 verbose cli   'install',
1 verbose cli   'wp-api-angular.js' ]
2 info using npm@2.14.9
3 info using node@v0.12.8
4 verbose node symlink /usr/bin/node
5 verbose install initial load of /home/thiagodlm/Thiago/Projects/WhenBrmetGR.app/whenBRmetGR-app/package.json
6 warn package.json whenbrmetgr-app@1.1.1 No repository field.
7 warn package.json whenbrmetgr-app@1.1.1 No README data
8 warn package.json whenbrmetgr-app@1.1.1 No license field.
9 verbose readDependencies loading dependencies from /home/thiagodlm/Thiago/Projects/WhenBrmetGR.app/whenBRmetGR-app/package.json
10 silly cache add args [ 'wp-api-angular.js', null ]
11 verbose cache add spec wp-api-angular.js
12 silly cache add parsed spec { raw: 'wp-api-angular.js',
12 silly cache add   scope: null,
12 silly cache add   name: 'wp-api-angular.js',
12 silly cache add   rawSpec: '',
12 silly cache add   spec: '*',
12 silly cache add   type: 'range' }
13 silly addNamed wp-api-angular.js@*
14 verbose addNamed "*" is a valid semver range for wp-api-angular.js
15 silly addNameRange { name: 'wp-api-angular.js', range: '*', hasData: false }
16 silly mapToRegistry name wp-api-angular.js
17 silly mapToRegistry using default registry
18 silly mapToRegistry registry https://registry.npmjs.org/
19 silly mapToRegistry uri https://registry.npmjs.org/wp-api-angular.js
20 verbose addNameRange registry:https://registry.npmjs.org/wp-api-angular.js not in flight; fetching
21 verbose request uri https://registry.npmjs.org/wp-api-angular.js
22 verbose request no auth needed
23 info attempt registry request try #1 at 13:51:51
24 verbose request id acbfc8764d03b86c
25 http request GET https://registry.npmjs.org/wp-api-angular.js
26 http 404 https://registry.npmjs.org/wp-api-angular.js
27 verbose headers { 'content-type': 'application/json',
27 verbose headers   'cache-control': 'max-age=0',
27 verbose headers   'content-length': '2',
27 verbose headers   'accept-ranges': 'bytes',
27 verbose headers   date: 'Fri, 11 Dec 2015 12:51:51 GMT',
27 verbose headers   via: '1.1 varnish',
27 verbose headers   age: '0',
27 verbose headers   connection: 'keep-alive',
27 verbose headers   'x-served-by': 'cache-fra1226-FRA',
27 verbose headers   'x-cache': 'MISS',
27 verbose headers   'x-cache-hits': '0',
27 verbose headers   'x-timer': 'S1449838311.632761,VS0,VE101' }
28 silly get cb [ 404,
28 silly get   { 'content-type': 'application/json',
28 silly get     'cache-control': 'max-age=0',
28 silly get     'content-length': '2',
28 silly get     'accept-ranges': 'bytes',
28 silly get     date: 'Fri, 11 Dec 2015 12:51:51 GMT',
28 silly get     via: '1.1 varnish',
28 silly get     age: '0',
28 silly get     connection: 'keep-alive',
28 silly get     'x-served-by': 'cache-fra1226-FRA',
28 silly get     'x-cache': 'MISS',
28 silly get     'x-cache-hits': '0',
28 silly get     'x-timer': 'S1449838311.632761,VS0,VE101' } ]
29 verbose stack Error: Registry returned 404 for GET on https://registry.npmjs.org/wp-api-angular.js
29 verbose stack     at makeError (/usr/lib/node_modules/npm/node_modules/npm-registry-client/lib/request.js:264:12)
29 verbose stack     at CachingRegistryClient.<anonymous> (/usr/lib/node_modules/npm/node_modules/npm-registry-client/lib/request.js:242:14)
29 verbose stack     at Request._callback (/usr/lib/node_modules/npm/node_modules/npm-registry-client/lib/request.js:172:14)
29 verbose stack     at Request.self.callback (/usr/lib/node_modules/npm/node_modules/request/request.js:198:22)
29 verbose stack     at Request.emit (events.js:110:17)
29 verbose stack     at Request.<anonymous> (/usr/lib/node_modules/npm/node_modules/request/request.js:1082:10)
29 verbose stack     at Request.emit (events.js:129:20)
29 verbose stack     at IncomingMessage.<anonymous> (/usr/lib/node_modules/npm/node_modules/request/request.js:1009:12)
29 verbose stack     at IncomingMessage.emit (events.js:129:20)
29 verbose stack     at _stream_readable.js:908:16
30 verbose statusCode 404
31 verbose pkgid wp-api-angular.js
32 verbose cwd /home/thiagodlm/Thiago/Projects/WhenBrmetGR.app/whenBRmetGR-app
33 error Linux 3.19.0-33-generic
34 error argv "/usr/bin/node" "/usr/bin/npm" "install" "wp-api-angular.js"
35 error node v0.12.8
36 error npm  v2.14.9
37 error code E404
38 error 404 Registry returned 404 for GET on https://registry.npmjs.org/wp-api-angular.js
38 error 404
38 error 404 'wp-api-angular.js' is not in the npm registry.
38 error 404 You should bug the author to publish it (or use the name yourself!)
38 error 404 It was specified as a dependency of 'whenbrmetgr-app'
38 error 404
38 error 404 Note that you can also install from a
38 error 404 tarball, folder, http url, or git url.
39 verbose exit [ 1, true ]
